<?xml version="1.0" encoding="UTF-8"?>
<!-- Generated by org.testng.reporters.JUnitReportReporter -->
<testsuite skipped="0" hostname="LAPTOP-PT1VIPBL" name="tests.LeavePageTest" tests="2" failures="0" timestamp="2022-09-08T07:22:02 IST" time="29.107" errors="0">
  <testcase name="isSearchButtonPreset" time="15.184" classname="tests.LeavePageTest"/>
  <testcase name="isResetButtonPreset" time="13.923" classname="tests.LeavePageTest"/>
</testsuite> <!-- tests.LeavePageTest -->
