<?xml version="1.0" encoding="UTF-8"?>
<!-- Generated by org.testng.reporters.JUnitReportReporter -->
<testsuite skipped="0" hostname="LAPTOP-PT1VIPBL" name="tests.HomePageTest" tests="2" failures="0" timestamp="2022-09-08T07:22:02 IST" time="27.591" errors="0">
  <testcase name="verifyUserName" time="13.378" classname="tests.HomePageTest"/>
  <testcase name="verifyMenuItems" time="14.213" classname="tests.HomePageTest"/>
</testsuite> <!-- tests.HomePageTest -->
