<?xml version="1.0" encoding="UTF-8"?>
<!-- Generated by org.testng.reporters.JUnitReportReporter -->
<testsuite skipped="0" hostname="LAPTOP-PT1VIPBL" name="tests.LoginPageTest" tests="3" failures="0" timestamp="2022-09-07T07:50:18 IST" time="35.304" errors="0">
  <testcase name="usernamePresence" time="12.145" classname="tests.LoginPageTest"/>
  <testcase name="loginTest" time="10.426" classname="tests.LoginPageTest"/>
  <testcase name="verifyLoginPageTitle" time="12.733" classname="tests.LoginPageTest"/>
</testsuite> <!-- tests.LoginPageTest -->
